c:\users\rog-shteosis\desktop\github\directx11_practice\residentevil_survivor\x64\debug\residentevil_survivor_debug.pch
c:\users\rog-shteosis\desktop\github\directx11_practice\residentevil_survivor\x64\debug\vc143.pdb
c:\users\rog-shteosis\desktop\github\directx11_practice\residentevil_survivor\x64\debug\vc143.idb
c:\users\rog-shteosis\desktop\github\directx11_practice\residentevil_survivor\x64\debug\pch.obj
c:\users\rog-shteosis\desktop\github\directx11_practice\residentevil_survivor\x64\debug\residentevil_survivor.obj
c:\users\rog-shteosis\desktop\github\directx11_practice\residentevil_survivor\x64\debug\imgui_widgets.obj
c:\users\rog-shteosis\desktop\github\directx11_practice\residentevil_survivor\x64\debug\imgui_tables.obj
c:\users\rog-shteosis\desktop\github\directx11_practice\residentevil_survivor\x64\debug\imgui_impl_win32.obj
c:\users\rog-shteosis\desktop\github\directx11_practice\residentevil_survivor\x64\debug\imgui_impl_dx11.obj
c:\users\rog-shteosis\desktop\github\directx11_practice\residentevil_survivor\x64\debug\imgui_draw.obj
c:\users\rog-shteosis\desktop\github\directx11_practice\residentevil_survivor\x64\debug\imgui_demo.obj
c:\users\rog-shteosis\desktop\github\directx11_practice\residentevil_survivor\x64\debug\imgui.obj
c:\users\rog-shteosis\desktop\github\directx11_practice\residentevil_survivor\residentevil_survivor_debug.exe
c:\users\rog-shteosis\desktop\github\directx11_practice\residentevil_survivor\residentevil_survivor_debug.pdb
c:\users\rog-shteosis\desktop\github\directx11_practice\residentevil_survivor\x64\debug\residentevil_survivor.res
c:\users\rog-shteosis\desktop\github\directx11_practice\residentevil_survivor\x64\debug\residentevil_survivor_debug.ilk
c:\users\rog-shteosis\desktop\github\directx11_practice\residentevil_survivor\x64\debug\resident.60833332.tlog\cl.command.1.tlog
c:\users\rog-shteosis\desktop\github\directx11_practice\residentevil_survivor\x64\debug\resident.60833332.tlog\cl.items.tlog
c:\users\rog-shteosis\desktop\github\directx11_practice\residentevil_survivor\x64\debug\resident.60833332.tlog\cl.read.1.tlog
c:\users\rog-shteosis\desktop\github\directx11_practice\residentevil_survivor\x64\debug\resident.60833332.tlog\cl.write.1.tlog
c:\users\rog-shteosis\desktop\github\directx11_practice\residentevil_survivor\x64\debug\resident.60833332.tlog\link.command.1.tlog
c:\users\rog-shteosis\desktop\github\directx11_practice\residentevil_survivor\x64\debug\resident.60833332.tlog\link.read.1.tlog
c:\users\rog-shteosis\desktop\github\directx11_practice\residentevil_survivor\x64\debug\resident.60833332.tlog\link.secondary.1.tlog
c:\users\rog-shteosis\desktop\github\directx11_practice\residentevil_survivor\x64\debug\resident.60833332.tlog\link.write.1.tlog
c:\users\rog-shteosis\desktop\github\directx11_practice\residentevil_survivor\x64\debug\resident.60833332.tlog\rc.command.1.tlog
c:\users\rog-shteosis\desktop\github\directx11_practice\residentevil_survivor\x64\debug\resident.60833332.tlog\rc.read.1.tlog
c:\users\rog-shteosis\desktop\github\directx11_practice\residentevil_survivor\x64\debug\resident.60833332.tlog\rc.write.1.tlog
