c:\users\rog-shteosis\desktop\github\directx11_practice\gameengine\x64\debug\gameengine_debug.pch
c:\users\rog-shteosis\desktop\github\directx11_practice\library\gameengine\gameengine_debug.pdb
c:\users\rog-shteosis\desktop\github\directx11_practice\library\gameengine\gameengine_debug.idb
c:\users\rog-shteosis\desktop\github\directx11_practice\gameengine\x64\debug\pch.obj
c:\users\rog-shteosis\desktop\github\directx11_practice\gameengine\x64\debug\c_rendercomponent.obj
c:\users\rog-shteosis\desktop\github\directx11_practice\gameengine\x64\debug\c_pathmanager.obj
c:\users\rog-shteosis\desktop\github\directx11_practice\gameengine\x64\debug\c_particlerender.obj
c:\users\rog-shteosis\desktop\github\directx11_practice\gameengine\x64\debug\c_object.obj
c:\users\rog-shteosis\desktop\github\directx11_practice\gameengine\x64\debug\c_fsmscript.obj
c:\users\rog-shteosis\desktop\github\directx11_practice\gameengine\x64\debug\c_movescript.obj
c:\users\rog-shteosis\desktop\github\directx11_practice\gameengine\x64\debug\c_meshrender.obj
c:\users\rog-shteosis\desktop\github\directx11_practice\gameengine\x64\debug\c_light2d.obj
c:\users\rog-shteosis\desktop\github\directx11_practice\gameengine\x64\debug\c_inputmanager.obj
c:\users\rog-shteosis\desktop\github\directx11_practice\gameengine\x64\debug\c_group.obj
c:\users\rog-shteosis\desktop\github\directx11_practice\gameengine\x64\debug\c_gameengine.obj
c:\users\rog-shteosis\desktop\github\directx11_practice\gameengine\x64\debug\c_flipbookrender.obj
c:\users\rog-shteosis\desktop\github\directx11_practice\gameengine\x64\debug\c_entity.obj
c:\users\rog-shteosis\desktop\github\directx11_practice\gameengine\x64\debug\c_device.obj
c:\users\rog-shteosis\desktop\github\directx11_practice\gameengine\x64\debug\c_debugmanager.obj
c:\users\rog-shteosis\desktop\github\directx11_practice\gameengine\x64\debug\c_component.obj
c:\users\rog-shteosis\desktop\github\directx11_practice\gameengine\x64\debug\c_collisionmanager.obj
c:\users\rog-shteosis\desktop\github\directx11_practice\gameengine\x64\debug\c_collider2d.obj
c:\users\rog-shteosis\desktop\github\directx11_practice\gameengine\x64\debug\c_camerascript.obj
c:\users\rog-shteosis\desktop\github\directx11_practice\gameengine\x64\debug\c_cameracomponent.obj
c:\users\rog-shteosis\desktop\github\directx11_practice\gameengine\x64\debug\globalfunction.obj
c:\users\rog-shteosis\desktop\github\directx11_practice\gameengine\x64\debug\c_transform.obj
c:\users\rog-shteosis\desktop\github\directx11_practice\gameengine\x64\debug\c_timemanager.obj
c:\users\rog-shteosis\desktop\github\directx11_practice\gameengine\x64\debug\c_tilerender.obj
c:\users\rog-shteosis\desktop\github\directx11_practice\gameengine\x64\debug\c_texture.obj
c:\users\rog-shteosis\desktop\github\directx11_practice\gameengine\x64\debug\c_taskmanager.obj
c:\users\rog-shteosis\desktop\github\directx11_practice\gameengine\x64\debug\c_statecomponent.obj
c:\users\rog-shteosis\desktop\github\directx11_practice\gameengine\x64\debug\c_stagemanager.obj
c:\users\rog-shteosis\desktop\github\directx11_practice\gameengine\x64\debug\c_stage.obj
c:\users\rog-shteosis\desktop\github\directx11_practice\gameengine\x64\debug\c_spriterender.obj
c:\users\rog-shteosis\desktop\github\directx11_practice\gameengine\x64\debug\c_sound.obj
c:\users\rog-shteosis\desktop\github\directx11_practice\gameengine\x64\debug\c_scriptcomponent.obj
c:\users\rog-shteosis\desktop\github\directx11_practice\gameengine\x64\debug\c_rigidscript.obj
c:\users\rog-shteosis\desktop\github\directx11_practice\gameengine\x64\debug\c_resourcemanager.obj
c:\users\rog-shteosis\desktop\github\directx11_practice\gameengine\x64\debug\c_resource.obj
c:\users\rog-shteosis\desktop\github\directx11_practice\gameengine\x64\debug\c_rendermanager.obj
c:\users\rog-shteosis\desktop\github\directx11_practice\library\gameengine\gameengine_debug.lib
c:\users\rog-shteosis\desktop\github\directx11_practice\gameengine\x64\debug\gameengine.tlog\cl.command.1.tlog
c:\users\rog-shteosis\desktop\github\directx11_practice\gameengine\x64\debug\gameengine.tlog\cl.items.tlog
c:\users\rog-shteosis\desktop\github\directx11_practice\gameengine\x64\debug\gameengine.tlog\cl.read.1.tlog
c:\users\rog-shteosis\desktop\github\directx11_practice\gameengine\x64\debug\gameengine.tlog\cl.write.1.tlog
c:\users\rog-shteosis\desktop\github\directx11_practice\gameengine\x64\debug\gameengine.tlog\lib-link.read.1.tlog
c:\users\rog-shteosis\desktop\github\directx11_practice\gameengine\x64\debug\gameengine.tlog\lib-link.write.1.tlog
c:\users\rog-shteosis\desktop\github\directx11_practice\gameengine\x64\debug\gameengine.tlog\lib.command.1.tlog
