  C_PathManager.cpp
C:\Users\Rog-SHTeosis\Desktop\GitHub\DirectX11_Practice\GameEngine\C_PathManager.cpp(44,13): warning C4267: '초기화 중': 'size_t'에서 'int'(으)로 변환하면서 데이터가 손실될 수 있습니다.
  (소스 파일 '/C_PathManager.cpp'을(를) 컴파일하는 중)
  
  GameEngine.vcxproj -> C:\Users\Rog-SHTeosis\Desktop\GitHub\DirectX11_Practice\Library\GameEngine\GameEngine_Debug.lib
  통합관리를 위한 파일 복사용 배치파일 실행
  .\C_Device.h
  .\C_Entity.h
  .\C_GameEngine.h
  .\C_InputManager.h
  .\C_PathManager.h
  .\C_Resource.h
  .\C_ResourceManager.h
  .\C_Singleton.h
  .\C_TimeManager.h
  .\define.h
  .\enum.h
  .\globalFunction.h
  .\globalVariable.h
  .\SimpleMath.h
  .\solution.h
  15개 파일이 복사되었습니다.
  .\SimpleMath.inl
  1개 파일이 복사되었습니다.
  지정된 경로를 찾을 수 없습니다.
  파일을 찾을 수 없습니다-*.fx
  0개 파일이 복사되었습니다.
